<?xml version="1.0" encoding="UTF-8"?>
<coverage generated="1761675981">
  <project timestamp="1761675981" name="Clover Coverage">
    <package name="Alcedo\JsonRpc\Server\DTO">
      <file name="/home/kiril/Projects/alcedo/json-rpc-server/src/DTO/Batch.php">
        <class name="Alcedo\JsonRpc\Server\DTO\Batch" namespace="Alcedo\JsonRpc\Server\DTO">
          <metrics complexity="5" methods="4" coveredmethods="4" conditionals="0" coveredconditionals="0" statements="9" coveredstatements="9" elements="13" coveredelements="13"/>
        </class>
        <line num="18" type="method" name="offsetSet" visibility="public" complexity="1" crap="1" count="4"/>
        <line num="20" type="stmt" count="4"/>
        <line num="21" type="stmt" count="4"/>
        <line num="29" type="method" name="append" visibility="public" complexity="1" crap="1" count="5"/>
        <line num="31" type="stmt" count="5"/>
        <line num="32" type="stmt" count="4"/>
        <line num="40" type="method" name="exchangeArray" visibility="public" complexity="2" crap="2" count="1"/>
        <line num="42" type="stmt" count="1"/>
        <line num="43" type="stmt" count="1"/>
        <line num="45" type="stmt" count="1"/>
        <line num="47" type="stmt" count="1"/>
        <line num="53" type="method" name="jsonSerialize" visibility="public" complexity="1" crap="1" count="1"/>
        <line num="55" type="stmt" count="1"/>
        <metrics loc="69" ncloc="38" classes="1" methods="4" coveredmethods="4" conditionals="0" coveredconditionals="0" statements="9" coveredstatements="9" elements="13" coveredelements="13"/>
      </file>
      <file name="/home/kiril/Projects/alcedo/json-rpc-server/src/DTO/BatchRequest.php">
        <class name="Alcedo\JsonRpc\Server\DTO\BatchRequest" namespace="Alcedo\JsonRpc\Server\DTO">
          <metrics complexity="3" methods="1" coveredmethods="1" conditionals="0" coveredconditionals="0" statements="2" coveredstatements="2" elements="3" coveredelements="3"/>
        </class>
        <line num="25" type="method" name="validateElement" visibility="protected" complexity="3" crap="3" count="6"/>
        <line num="27" type="stmt" count="6"/>
        <line num="28" type="stmt" count="1"/>
        <metrics loc="32" ncloc="16" classes="1" methods="1" coveredmethods="1" conditionals="0" coveredconditionals="0" statements="2" coveredstatements="2" elements="3" coveredelements="3"/>
      </file>
      <file name="/home/kiril/Projects/alcedo/json-rpc-server/src/DTO/BatchResponse.php">
        <class name="Alcedo\JsonRpc\Server\DTO\BatchResponse" namespace="Alcedo\JsonRpc\Server\DTO">
          <metrics complexity="2" methods="1" coveredmethods="1" conditionals="0" coveredconditionals="0" statements="2" coveredstatements="2" elements="3" coveredelements="3"/>
        </class>
        <line num="22" type="method" name="validateElement" visibility="protected" complexity="2" crap="2" count="2"/>
        <line num="24" type="stmt" count="2"/>
        <line num="25" type="stmt" count="1"/>
        <metrics loc="29" ncloc="16" classes="1" methods="1" coveredmethods="1" conditionals="0" coveredconditionals="0" statements="2" coveredstatements="2" elements="3" coveredelements="3"/>
      </file>
      <file name="/home/kiril/Projects/alcedo/json-rpc-server/src/DTO/Error.php">
        <class name="Alcedo\JsonRpc\Server\DTO\Error" namespace="Alcedo\JsonRpc\Server\DTO">
          <metrics complexity="7" methods="5" coveredmethods="5" conditionals="0" coveredconditionals="0" statements="13" coveredstatements="13" elements="18" coveredelements="18"/>
        </class>
        <line num="32" type="method" name="__construct" visibility="public" complexity="2" crap="2" count="26"/>
        <line num="37" type="stmt" count="26"/>
        <line num="38" type="stmt" count="26"/>
        <line num="39" type="stmt" count="14"/>
        <line num="48" type="method" name="code" visibility="public" complexity="1" crap="1" count="19"/>
        <line num="50" type="stmt" count="19"/>
        <line num="58" type="method" name="message" visibility="public" complexity="1" crap="1" count="14"/>
        <line num="60" type="stmt" count="14"/>
        <line num="68" type="method" name="data" visibility="public" complexity="1" crap="1" count="12"/>
        <line num="70" type="stmt" count="12"/>
        <line num="78" type="method" name="jsonSerialize" visibility="public" complexity="2" crap="2" count="6"/>
        <line num="80" type="stmt" count="6"/>
        <line num="81" type="stmt" count="6"/>
        <line num="82" type="stmt" count="6"/>
        <line num="83" type="stmt" count="6"/>
        <line num="84" type="stmt" count="6"/>
        <line num="85" type="stmt" count="5"/>
        <line num="88" type="stmt" count="6"/>
        <metrics loc="91" ncloc="50" classes="1" methods="5" coveredmethods="5" conditionals="0" coveredconditionals="0" statements="13" coveredstatements="13" elements="18" coveredelements="18"/>
      </file>
      <file name="/home/kiril/Projects/alcedo/json-rpc-server/src/DTO/ErrorCodes.php">
        <class name="Alcedo\JsonRpc\Server\DTO\ErrorCodes" namespace="Alcedo\JsonRpc\Server\DTO">
          <metrics complexity="10" methods="2" coveredmethods="2" conditionals="0" coveredconditionals="0" statements="11" coveredstatements="11" elements="13" coveredelements="13"/>
        </class>
        <line num="47" type="method" name="fromValue" visibility="public" complexity="3" crap="3" count="26"/>
        <line num="49" type="stmt" count="26"/>
        <line num="50" type="stmt" count="7"/>
        <line num="53" type="stmt" count="26"/>
        <line num="61" type="method" name="message" visibility="public" complexity="7" crap="7" count="18"/>
        <line num="63" type="stmt" count="18"/>
        <line num="64" type="stmt" count="18"/>
        <line num="65" type="stmt" count="15"/>
        <line num="66" type="stmt" count="11"/>
        <line num="67" type="stmt" count="8"/>
        <line num="68" type="stmt" count="7"/>
        <line num="69" type="stmt" count="18"/>
        <line num="70" type="stmt" count="18"/>
        <metrics loc="73" ncloc="39" classes="1" methods="2" coveredmethods="2" conditionals="0" coveredconditionals="0" statements="11" coveredstatements="11" elements="13" coveredelements="13"/>
      </file>
      <file name="/home/kiril/Projects/alcedo/json-rpc-server/src/DTO/JsonRpcTrait.php">
        <class name="Alcedo\JsonRpc\Server\DTO\JsonRpcTrait" namespace="Alcedo\JsonRpc\Server\DTO">
          <metrics complexity="1" methods="1" coveredmethods="1" conditionals="0" coveredconditionals="0" statements="1" coveredstatements="1" elements="2" coveredelements="2"/>
        </class>
        <line num="19" type="method" name="jsonRpc" visibility="public" complexity="1" crap="1" count="4"/>
        <line num="21" type="stmt" count="4"/>
        <metrics loc="24" ncloc="12" classes="1" methods="1" coveredmethods="1" conditionals="0" coveredconditionals="0" statements="1" coveredstatements="1" elements="2" coveredelements="2"/>
      </file>
      <file name="/home/kiril/Projects/alcedo/json-rpc-server/src/DTO/Request.php">
        <class name="Alcedo\JsonRpc\Server\DTO\Request" namespace="Alcedo\JsonRpc\Server\DTO">
          <metrics complexity="10" methods="7" coveredmethods="7" conditionals="0" coveredconditionals="0" statements="16" coveredstatements="16" elements="23" coveredelements="23"/>
        </class>
        <line num="28" type="method" name="__construct" visibility="public" complexity="1" crap="1" count="15"/>
        <line num="33" type="stmt" count="15"/>
        <line num="41" type="method" name="method" visibility="public" complexity="1" crap="1" count="12"/>
        <line num="43" type="stmt" count="12"/>
        <line num="51" type="method" name="params" visibility="public" complexity="1" crap="1" count="12"/>
        <line num="53" type="stmt" count="12"/>
        <line num="61" type="method" name="id" visibility="public" complexity="1" crap="1" count="12"/>
        <line num="63" type="stmt" count="12"/>
        <line num="71" type="method" name="isNotification" visibility="public" complexity="1" crap="1" count="9"/>
        <line num="73" type="stmt" count="9"/>
        <line num="81" type="method" name="jsonSerialize" visibility="public" complexity="3" crap="3" count="2"/>
        <line num="83" type="stmt" count="2"/>
        <line num="84" type="stmt" count="2"/>
        <line num="85" type="stmt" count="2"/>
        <line num="86" type="stmt" count="2"/>
        <line num="87" type="stmt" count="2"/>
        <line num="88" type="stmt" count="1"/>
        <line num="90" type="stmt" count="2"/>
        <line num="91" type="stmt" count="1"/>
        <line num="94" type="stmt" count="2"/>
        <line num="104" type="method" name="validateMethod" visibility="private" complexity="2" crap="2" count="15"/>
        <line num="106" type="stmt" count="15"/>
        <line num="107" type="stmt" count="1"/>
        <metrics loc="111" ncloc="62" classes="1" methods="7" coveredmethods="7" conditionals="0" coveredconditionals="0" statements="16" coveredstatements="16" elements="23" coveredelements="23"/>
      </file>
      <file name="/home/kiril/Projects/alcedo/json-rpc-server/src/DTO/Response.php">
        <class name="Alcedo\JsonRpc\Server\DTO\Response" namespace="Alcedo\JsonRpc\Server\DTO">
          <metrics complexity="12" methods="8" coveredmethods="8" conditionals="0" coveredconditionals="0" statements="17" coveredstatements="17" elements="25" coveredelements="25"/>
        </class>
        <line num="29" type="method" name="__construct" visibility="public" complexity="1" crap="1" count="12"/>
        <line num="34" type="stmt" count="12"/>
        <line num="42" type="method" name="result" visibility="public" complexity="1" crap="1" count="4"/>
        <line num="44" type="stmt" count="4"/>
        <line num="52" type="method" name="error" visibility="public" complexity="1" crap="1" count="4"/>
        <line num="54" type="stmt" count="4"/>
        <line num="62" type="method" name="id" visibility="public" complexity="1" crap="1" count="5"/>
        <line num="64" type="stmt" count="5"/>
        <line num="72" type="method" name="isError" visibility="public" complexity="1" crap="1" count="9"/>
        <line num="74" type="stmt" count="9"/>
        <line num="82" type="method" name="isSuccess" visibility="public" complexity="1" crap="1" count="6"/>
        <line num="84" type="stmt" count="6"/>
        <line num="92" type="method" name="jsonSerialize" visibility="public" complexity="3" crap="3" count="2"/>
        <line num="94" type="stmt" count="2"/>
        <line num="95" type="stmt" count="2"/>
        <line num="96" type="stmt" count="2"/>
        <line num="97" type="stmt" count="2"/>
        <line num="98" type="stmt" count="1"/>
        <line num="100" type="stmt" count="1"/>
        <line num="102" type="stmt" count="2"/>
        <line num="103" type="stmt" count="2"/>
        <line num="106" type="stmt" count="2"/>
        <line num="116" type="method" name="validateResponse" visibility="private" complexity="3" crap="3" count="12"/>
        <line num="118" type="stmt" count="12"/>
        <line num="119" type="stmt" count="1"/>
        <metrics loc="123" ncloc="68" classes="1" methods="8" coveredmethods="8" conditionals="0" coveredconditionals="0" statements="17" coveredstatements="17" elements="25" coveredelements="25"/>
      </file>
    </package>
    <package name="Alcedo\JsonRpc\Server\Exception">
      <file name="/home/kiril/Projects/alcedo/json-rpc-server/src/Exception/ErrorException.php">
        <class name="Alcedo\JsonRpc\Server\Exception\ErrorException" namespace="Alcedo\JsonRpc\Server\Exception">
          <metrics complexity="2" methods="2" coveredmethods="2" conditionals="0" coveredconditionals="0" statements="2" coveredstatements="2" elements="4" coveredelements="4"/>
        </class>
        <line num="25" type="method" name="fromErrorCode" visibility="public" complexity="1" crap="1" count="4"/>
        <line num="27" type="stmt" count="4"/>
        <line num="39" type="method" name="toError" visibility="public" complexity="1" crap="1" count="2"/>
        <line num="41" type="stmt" count="2"/>
        <metrics loc="44" ncloc="22" classes="1" methods="2" coveredmethods="2" conditionals="0" coveredconditionals="0" statements="2" coveredstatements="2" elements="4" coveredelements="4"/>
      </file>
      <file name="/home/kiril/Projects/alcedo/json-rpc-server/src/Exception/InvalidBatchElementException.php">
        <class name="Alcedo\JsonRpc\Server\Exception\InvalidBatchElementException" namespace="Alcedo\JsonRpc\Server\Exception">
          <metrics complexity="0" methods="0" coveredmethods="0" conditionals="0" coveredconditionals="0" statements="0" coveredstatements="0" elements="0" coveredelements="0"/>
        </class>
        <metrics loc="18" ncloc="8" classes="0" methods="0" coveredmethods="0" conditionals="0" coveredconditionals="0" statements="0" coveredstatements="0" elements="0" coveredelements="0"/>
      </file>
      <file name="/home/kiril/Projects/alcedo/json-rpc-server/src/Exception/InvalidErrorException.php">
        <class name="Alcedo\JsonRpc\Server\Exception\InvalidErrorException" namespace="Alcedo\JsonRpc\Server\Exception">
          <metrics complexity="0" methods="0" coveredmethods="0" conditionals="0" coveredconditionals="0" statements="0" coveredstatements="0" elements="0" coveredelements="0"/>
        </class>
        <metrics loc="16" ncloc="8" classes="0" methods="0" coveredmethods="0" conditionals="0" coveredconditionals="0" statements="0" coveredstatements="0" elements="0" coveredelements="0"/>
      </file>
      <file name="/home/kiril/Projects/alcedo/json-rpc-server/src/Exception/InvalidMethodNameException.php">
        <class name="Alcedo\JsonRpc\Server\Exception\InvalidMethodNameException" namespace="Alcedo\JsonRpc\Server\Exception">
          <metrics complexity="0" methods="0" coveredmethods="0" conditionals="0" coveredconditionals="0" statements="0" coveredstatements="0" elements="0" coveredelements="0"/>
        </class>
        <metrics loc="16" ncloc="8" classes="0" methods="0" coveredmethods="0" conditionals="0" coveredconditionals="0" statements="0" coveredstatements="0" elements="0" coveredelements="0"/>
      </file>
      <file name="/home/kiril/Projects/alcedo/json-rpc-server/src/Exception/InvalidResponseException.php">
        <class name="Alcedo\JsonRpc\Server\Exception\InvalidResponseException" namespace="Alcedo\JsonRpc\Server\Exception">
          <metrics complexity="0" methods="0" coveredmethods="0" conditionals="0" coveredconditionals="0" statements="0" coveredstatements="0" elements="0" coveredelements="0"/>
        </class>
        <metrics loc="14" ncloc="8" classes="0" methods="0" coveredmethods="0" conditionals="0" coveredconditionals="0" statements="0" coveredstatements="0" elements="0" coveredelements="0"/>
      </file>
    </package>
    <package name="Alcedo\JsonRpc\Server\Factory">
      <file name="/home/kiril/Projects/alcedo/json-rpc-server/src/Factory/ErrorFactory.php">
        <class name="Alcedo\JsonRpc\Server\Factory\ErrorFactory" namespace="Alcedo\JsonRpc\Server\Factory">
          <metrics complexity="8" methods="6" coveredmethods="6" conditionals="0" coveredconditionals="0" statements="32" coveredstatements="32" elements="38" coveredelements="38"/>
        </class>
        <line num="24" type="method" name="parseError" visibility="public" complexity="1" crap="1" count="3"/>
        <line num="26" type="stmt" count="3"/>
        <line num="27" type="stmt" count="3"/>
        <line num="28" type="stmt" count="3"/>
        <line num="29" type="stmt" count="3"/>
        <line num="30" type="stmt" count="3"/>
        <line num="43" type="method" name="invalidRequest" visibility="public" complexity="1" crap="1" count="3"/>
        <line num="45" type="stmt" count="3"/>
        <line num="46" type="stmt" count="3"/>
        <line num="47" type="stmt" count="3"/>
        <line num="48" type="stmt" count="3"/>
        <line num="49" type="stmt" count="3"/>
        <line num="62" type="method" name="methodNotFound" visibility="public" complexity="1" crap="1" count="4"/>
        <line num="64" type="stmt" count="4"/>
        <line num="65" type="stmt" count="4"/>
        <line num="66" type="stmt" count="4"/>
        <line num="67" type="stmt" count="4"/>
        <line num="68" type="stmt" count="4"/>
        <line num="81" type="method" name="invalidParams" visibility="public" complexity="1" crap="1" count="2"/>
        <line num="83" type="stmt" count="2"/>
        <line num="84" type="stmt" count="2"/>
        <line num="85" type="stmt" count="2"/>
        <line num="86" type="stmt" count="2"/>
        <line num="87" type="stmt" count="2"/>
        <line num="99" type="method" name="internalError" visibility="public" complexity="1" crap="1" count="4"/>
        <line num="101" type="stmt" count="4"/>
        <line num="102" type="stmt" count="4"/>
        <line num="103" type="stmt" count="4"/>
        <line num="104" type="stmt" count="4"/>
        <line num="105" type="stmt" count="4"/>
        <line num="119" type="method" name="serverError" visibility="public" complexity="3" crap="3" count="7"/>
        <line num="122" type="stmt" count="7"/>
        <line num="123" type="stmt" count="2"/>
        <line num="126" type="stmt" count="7"/>
        <line num="127" type="stmt" count="7"/>
        <line num="128" type="stmt" count="7"/>
        <line num="129" type="stmt" count="7"/>
        <line num="130" type="stmt" count="7"/>
        <metrics loc="133" ncloc="69" classes="1" methods="6" coveredmethods="6" conditionals="0" coveredconditionals="0" statements="32" coveredstatements="32" elements="38" coveredelements="38"/>
      </file>
      <file name="/home/kiril/Projects/alcedo/json-rpc-server/src/Factory/RequestFactory.php">
        <class name="Alcedo\JsonRpc\Server\Factory\RequestFactory" namespace="Alcedo\JsonRpc\Server\Factory">
          <metrics complexity="8" methods="3" coveredmethods="3" conditionals="0" coveredconditionals="0" statements="18" coveredstatements="18" elements="21" coveredelements="21"/>
        </class>
        <line num="36" type="method" name="fromServerRequest" visibility="public" complexity="3" crap="3" count="10"/>
        <line num="39" type="stmt" count="10"/>
        <line num="40" type="stmt" count="1"/>
        <line num="41" type="stmt" count="1"/>
        <line num="43" type="stmt" count="9"/>
        <line num="44" type="stmt" count="4"/>
        <line num="47" type="stmt" count="5"/>
        <line num="61" type="method" name="fromArray" visibility="public" complexity="2" crap="2" count="15"/>
        <line num="63" type="stmt" count="15"/>
        <line num="64" type="stmt" count="15"/>
        <line num="65" type="stmt" count="3"/>
        <line num="67" type="stmt" count="13"/>
        <line num="68" type="stmt" count="13"/>
        <line num="70" type="stmt" count="13"/>
        <line num="84" type="method" name="createBatchRequest" visibility="private" complexity="3" crap="3" count="4"/>
        <line num="86" type="stmt" count="4"/>
        <line num="87" type="stmt" count="4"/>
        <line num="89" type="stmt" count="4"/>
        <line num="90" type="stmt" count="2"/>
        <line num="91" type="stmt" count="2"/>
        <line num="95" type="stmt" count="4"/>
        <metrics loc="98" ncloc="59" classes="1" methods="3" coveredmethods="3" conditionals="0" coveredconditionals="0" statements="18" coveredstatements="18" elements="21" coveredelements="21"/>
      </file>
    </package>
    <file name="/home/kiril/Projects/alcedo/json-rpc-server/src/RemoteProcedureInterface.php">
      <metrics loc="19" ncloc="11" classes="0" methods="0" coveredmethods="0" conditionals="0" coveredconditionals="0" statements="0" coveredstatements="0" elements="0" coveredelements="0"/>
    </file>
    <package name="Alcedo\JsonRpc\Server">
      <file name="/home/kiril/Projects/alcedo/json-rpc-server/src/Server.php">
        <class name="Alcedo\JsonRpc\Server\Server" namespace="Alcedo\JsonRpc\Server">
          <metrics complexity="15" methods="6" coveredmethods="6" conditionals="0" coveredconditionals="0" statements="42" coveredstatements="42" elements="48" coveredelements="48"/>
        </class>
        <line num="35" type="method" name="__construct" visibility="public" complexity="1" crap="1" count="9"/>
        <line num="40" type="stmt" count="9"/>
        <line num="56" type="method" name="executePsrRequest" visibility="public" complexity="1" crap="1" count="3"/>
        <line num="58" type="stmt" count="3"/>
        <line num="60" type="stmt" count="3"/>
        <line num="77" type="method" name="executeArrayRequest" visibility="public" complexity="1" crap="1" count="6"/>
        <line num="79" type="stmt" count="6"/>
        <line num="81" type="stmt" count="6"/>
        <line num="96" type="method" name="execute" visibility="public" complexity="3" crap="3" count="9"/>
        <line num="98" type="stmt" count="9"/>
        <line num="99" type="stmt" count="2"/>
        <line num="102" type="stmt" count="7"/>
        <line num="103" type="stmt" count="7"/>
        <line num="104" type="stmt" count="6"/>
        <line num="107" type="stmt" count="1"/>
        <line num="122" type="method" name="processBatchRequests" visibility="private" complexity="4" crap="4" count="2"/>
        <line num="124" type="stmt" count="2"/>
        <line num="125" type="stmt" count="2"/>
        <line num="127" type="stmt" count="2"/>
        <line num="128" type="stmt" count="1"/>
        <line num="129" type="stmt" count="1"/>
        <line num="130" type="stmt" count="1"/>
        <line num="133" type="stmt" count="1"/>
        <line num="137" type="stmt" count="1"/>
        <line num="151" type="method" name="processRequest" visibility="private" complexity="5" crap="5" count="8"/>
        <line num="153" type="stmt" count="8"/>
        <line num="154" type="stmt" count="8"/>
        <line num="155" type="stmt" count="8"/>
        <line num="156" type="stmt" count="8"/>
        <line num="157" type="stmt" count="2"/>
        <line num="159" type="stmt" count="7"/>
        <line num="160" type="stmt" count="7"/>
        <line num="161" type="stmt" count="2"/>
        <line num="164" type="stmt" count="6"/>
        <line num="165" type="stmt" count="2"/>
        <line num="166" type="stmt" count="2"/>
        <line num="167" type="stmt" count="2"/>
        <line num="168" type="stmt" count="2"/>
        <line num="171" type="stmt" count="5"/>
        <line num="172" type="stmt" count="2"/>
        <line num="173" type="stmt" count="2"/>
        <line num="174" type="stmt" count="2"/>
        <line num="175" type="stmt" count="2"/>
        <line num="176" type="stmt" count="2"/>
        <line num="177" type="stmt" count="2"/>
        <line num="178" type="stmt" count="2"/>
        <line num="179" type="stmt" count="2"/>
        <line num="182" type="stmt" count="4"/>
        <metrics loc="185" ncloc="108" classes="1" methods="6" coveredmethods="6" conditionals="0" coveredconditionals="0" statements="42" coveredstatements="42" elements="48" coveredelements="48"/>
      </file>
    </package>
    <metrics files="17" loc="1095" ncloc="602" classes="12" methods="46" coveredmethods="46" conditionals="0" coveredconditionals="0" statements="165" coveredstatements="165" elements="211" coveredelements="211"/>
  </project>
</coverage>
